-------------------------------------------------------------------------------
      name:  <unnamed>
       log:  C:\Users\liptr\Documents\GitHub\expropriation\wright_personalism\S
> tructure.log
  log type:  text
 opened on:  17 Jun 2021, 16:17:34

.         set scheme  plottig 

.         set more off

. 
.         global dir ="C:\Users\liptr\Documents\GitHub\expropriation\wright_per
> sonalism" /* working directory */

.         *global dir : pwd
.         cd "$dir"
C:\Users\liptr\Documents\GitHub\expropriation\wright_personalism

.         *mkdir "$dir\golden"
.         
.            * clean using data *
.         use "V-Dem-DS-CY Others-v7.1.dta", clear  /* downloaded from https://
> www.v-dem.net/en/data/data-version-7-1/ on 8.24.17 */
(Written by R)

.         keep COWcode year country_name historical_date e_fh_pr e_fh_cl v2x_po
> lyarchy v2x_api v2x_mpi v2x_libdem v2x_liberal v2x_partipdem v2x_partip ///
>                 v2x_delibdem v2xdl_delib v2x_egaldem v2x_egal v2x_veracc v2x_
> horacc v2exdfdshs v2exdfcbhs  v2exdfvths v2exdfdmhs v2exdfpphs v2dlconslt* //
> /
>                 v2xps_party v2psorgs v2psprbrch v2psprlnks v2pscohesv v2psnat
> par v2exrescon v2lgotovst v2expathhs v2expathhg v2exrmhsol_2 ///
>                 v2exrmhsol_4 v2exrmhgnp_2 v2exrmhgnp_4 v2exctlhs_0 v2exctlhs_
> 2 v2exctlhs_4 v2exctlhg_0  v2exctlhg_2 v2exctlhg_4 v2lginvstp v2lgotovst

.         tab country_name if COWcode==.

                  Country name |      Freq.     Percent        Cum.
-------------------------------+-----------------------------------
             Palestine/British |         31        9.84        9.84
                Palestine/Gaza |         29        9.21       19.05
           Palestine/West Bank |         52       16.51       35.56
                    Somaliland |         86       27.30       62.86
                      Zanzibar |        117       37.14      100.00
-------------------------------+-----------------------------------
                         Total |        315      100.00

.         drop if COWcode==.
(315 observations deleted)

.         tsset COWcode year
       panel variable:  COWcode (unbalanced)
        time variable:  year, 1900 to 2016, but with gaps
                delta:  1 unit

.         local var = "e_fh_pr e_fh_cl v2x_polyarchy v2x_api v2x_mpi v2x_libdem
>  v2x_liberal v2x_partipdem v2x_partip v2x_delibdem v2xdl_delib v2x_egaldem v2
> x_egal v2x_veracc v2x_horacc  v2exdfdshs v2exdfcbhs  v2exdfvths v2exdfdmhs v2
> exdfpphs v2dlconslt v2dlconslt_mean v2dlconslt_nr v2dlconslt_ord v2dlconslt_o
> sp"

.         foreach v of local var {
  2.                 gen l`v' =l.`v'
  3.                 replace `v' = l`v'  /* change from Dec 31 to Jan 1 dating 
> */
  4.                 drop l`v'
  5.         }
(10354 missing values generated)
(1326 real changes made, 175 to missing)
(10354 missing values generated)
(1325 real changes made, 175 to missing)
(687 missing values generated)
(16791 real changes made, 189 to missing)
(687 missing values generated)
(16791 real changes made, 189 to missing)
(687 missing values generated)
(9532 real changes made, 189 to missing)
(688 missing values generated)
(16790 real changes made, 189 to missing)
(293 missing values generated)
(17182 real changes made, 186 to missing)
(687 missing values generated)
(16791 real changes made, 189 to missing)
(192 missing values generated)
(17186 real changes made, 186 to missing)
(688 missing values generated)
(16790 real changes made, 189 to missing)
(190 missing values generated)
(17285 real changes made, 186 to missing)
(687 missing values generated)
(16791 real changes made, 189 to missing)
(290 missing values generated)
(17185 real changes made, 186 to missing)
(414 missing values generated)
(17061 real changes made, 186 to missing)
(414 missing values generated)
(17061 real changes made, 186 to missing)
(190 missing values generated)
(17285 real changes made, 186 to missing)
(190 missing values generated)
(17285 real changes made, 186 to missing)
(193 missing values generated)
(17282 real changes made, 186 to missing)
(196 missing values generated)
(17279 real changes made, 186 to missing)
(196 missing values generated)
(17279 real changes made, 186 to missing)
(190 missing values generated)
(17285 real changes made, 186 to missing)
(190 missing values generated)
(11455 real changes made, 186 to missing)
(190 missing values generated)
(1051 real changes made, 186 to missing)
(190 missing values generated)
(1194 real changes made, 186 to missing)
(190 missing values generated)
(17285 real changes made, 186 to missing)

.         keep if year>1945
(6163 observations deleted)

.         gen fh_scale = e_fh_pr + e_fh_cl
(4191 missing values generated)

.         rename country_name vdem_country

.         rename COWcode cowcode

.         recode cowcode (679=678) (316=315)  /* Yemen (North) and Czechoslovak
> ia get new codes */
(cowcode: 142 changes made)

.         sort cowcode year

.         saveold vdem, replace
(note: file vdem.dta not found)
file vdem.dta saved

. 
.         import excel p4v2016,clear firstrow  /* download from http://www.syst
> emicpeace.org/inscr/p4v2016.xls on 8.24.17 */

.         rename ccode cowcode

.         tsset cow year
       panel variable:  cowcode (unbalanced)
        time variable:  year, 1800 to 2016, but with gaps
                delta:  1 unit

.         local var = "democ autoc polity2 xrreg xrcomp xropen xconst parreg pa
> rcomp exrec exconst polcomp"

.         foreach v of local var {
  2.                 gen l`v' =l.`v'
  3.                 replace `v' = l`v'  /* change from Dec 31 to Jan 1 dating 
> */
  4.                 drop l`v'
  5.         }
(201 missing values generated)
(1294 real changes made, 201 to missing)
(201 missing values generated)
(1365 real changes made, 201 to missing)
(433 missing values generated)
(1649 real changes made, 253 to missing)
(201 missing values generated)
(984 real changes made, 201 to missing)
(201 missing values generated)
(1014 real changes made, 201 to missing)
(201 missing values generated)
(884 real changes made, 201 to missing)
(201 missing values generated)
(1252 real changes made, 201 to missing)
(201 missing values generated)
(1062 real changes made, 201 to missing)
(201 missing values generated)
(1168 real changes made, 201 to missing)
(402 missing values generated)
(1102 real changes made, 205 to missing)
(201 missing values generated)
(1252 real changes made, 201 to missing)
(327 missing values generated)
(1262 real changes made, 208 to missing)

.         keep if year>1945
(7598 observations deleted)

.         recode cowcode (347=345) (364=365) (529=530) (679=678) (769=770) (818
> =816)
(cowcode: 179 changes made)

.         keep cowcode country year democ autoc polity2 xrreg xrcomp xropen xco
> nst parreg parcomp exrec exconst polcomp

.         rename country polity_country

.         sort cowcode year

.         saveold polity,replace
(note: file polity.dta not found)
file polity.dta saved

. 
.         import excel uds_summary,clear firstrow /* downloaded from http://www
> .unified-democracy-scores.org/uds.html on 8.24.17 */

.         keep cowcode country year mean

.         tsset cow year
       panel variable:  cowcode (unbalanced)
        time variable:  year, 1946 to 2012, but with gaps
                delta:  1 unit

.         gen lmean = l.mean
(203 missing values generated)

.         replace mean = lmean
(9850 real changes made, 203 to missing)

.         drop lmean

.         rename mean uds_mean

.         rename country uds_country

.         sort cow year

.         saveold uds, replace
(note: file uds.dta not found)
file uds.dta saved

. 
.         capture program drop rmerge

.         program define rmerge
  1.                         sort cow year
  2.                         merge cow year using GWFtscs
  3.                         tab _merge
  4.                         rename gwf_military Military
  5.                         rename gwf_pers Personalist
  6.                         rename gwf_party Party
  7.                         rename gwf_mon Monarchy
  8.                         recode Party (1=0) if cow==630  /* Iran */
  9.                         recode Monarch (0=1) if cow==630 & year<1980
 10.                         recode Party (1=0) if gwf_regime=="oligarchy"
 11.                         drop _merge
 12.                         sort cow year
 13.                         merge cow year using weeks
 14.                         tab _merge
 15.                         replace persrat_1 =. if persrat_1<0 | persrat_1>1
 16.                         replace milrat_1 =. if milrat_1<0 | milrat_1>1
 17.                         gen ipers1=round(persrat_1, 0.01)  
 18.                         gen imil1=round(milrat_1, 0.01)
 19.                         corr ipers1 imil1  
 20.                         gen weeks =strongman if strongman~=.
 21.                         replace weeks =2 if junta==1 & junta~=.
 22.                         replace weeks =3 if boss==1 & boss~=.
 23.                         replace weeks =4 if machine==1 & machine~=.
 24.                         replace weeks=5 if monarchy==1 
 25.                         replace weeks=6 if other==1 
 26.                         tab weeks
 27.                         replace weeks=. if weeks<=0 | weeks>6
 28.                         label define wks  1 "Strongman" 2 "Junta"  3 "Boss
> "  4 "Machine"  5 "Monarchy" 6 "Other"
 29.                         label values weeks wks
 30.                         label var weeks "Weeks typology"
 31.                         tab weeks
 32.                         rename other Other
 33.                         rename boss Boss
 34.                         rename strong Strongman
 35.                         rename junta Junta
 36.                         rename machine Machine
 37.                         drop if gwf_fail==.
 38.                         drop _merge
 39.                         
.                         sort cow year
 40.                         merge cow year using SvolikInstitutions
 41.                         tab _merge
 42.                         rename _merge merge
 43.                         gen repeat = year==year[_n-1] if cow==cow[_n-1]
 44.                         list gwf_casename year if repeat==1
 45.                         drop if repeat==1
 46.                         drop repeat
 47.                         ** recode Svolik to Jan 1**
.                         tsset cow year
 48.                         sort cow year
 49.                         gen lag_military = military[_n-1] if cow == cow[_n
> -1]
 50.                         gen lag_executive = executive[_n-1] if cow == cow[
> _n-1]
 51.                         gen lag_legislative = legislative[_n-1] if cow == 
> cow[_n-1]
 52.                         gen lag_party = party[_n-1] if cow == cow[_n-1]
 53.                         gen lag_lparty = lparty[_n-1] if cow == cow[_n-1]
 54. 
.                         replace military = lag_military
 55.                         replace executive = lag_executive
 56.                         replace legislative = lag_legislative
 57.                         replace party = lag_party
 58.                         replace lparty = lag_lparty
 59.                         drop lag_*
 60. 
.                         **Svolik institutions data**
.                         gen sv_military = military~="civilian" if military~="
> "
 61.                         gen sv_mil_corp =  military=="corporate" if milita
> ry~=""
 62.                         gen sv_mil_pers =  military=="personal" if militar
> y~=""
 63.                         gen sv_mil_indir =  military=="indirect" if milita
> ry~=""
 64. 
.                         gen sv_exec_unelected = executive=="unelected" if exe
> cutive~=""
 65.                         gen sv_exec_select = executive=="selected by a sma
> ll, unelected body" if executive~=""
 66.                         gen sv_exec_oneparty = executive=="" if executive~
> =""
 67.                         gen sv_exec_75more = executive=="elected by more t
> han 75%" if executive~=""
 68.                         gen sv_exec_75less = executive=="elected by less t
> han 75%" if executive~=""
 69.                         label var executive "Svolik executive"
 70. 
.                         gen sv_leg_none =legislative=="none" if legislative ~
> =""
 71.                         gen sv_leg_unelected = legislative=="unelected or 
> appointed" if legislative ~=""
 72.                         gen sv_leg_oneparty = legislative=="one party or c
> andidate per seat" if legislative ~=""
 73.                         gen sv_leg_75more = legislative=="largest party co
> ntrols more than 75% of seats" if legislative ~=""
 74.                         gen sv_leg_75less = legislative=="largest party co
> ntrols less than 75% of seats" if legislative ~=""
 75.                         gen sv_leg_nonpartisan = legislative=="nonpartisan
> "
 76. 
.                         gen sv_legindex = 0 
 77.                         replace sv_legindex = 1 if sv_leg_unelected==1
 78.                         replace sv_legindex = 2 if sv_leg_oneparty==1
 79.                         replace sv_legindex = 3 if sv_leg_75more==1
 80.                         replace sv_legindex = 4 if sv_leg_75less==1
 81.                         replace sv_legindex = 5 if sv_leg_nonpartisan==1
 82.                         replace sv_legindex = sv_legindex+1
 83.                         label var legislative "Svolik legislatures"
 84.                         replace legislative = "incumbent >75% of seats" if
>  legislative == "largest party controls more than 75% of seats"
 85.                         replace legislative = "incumbent <75% of seats" if
>  legislative == "largest party controls less than 75% of seats"
 86. 
.                         gen sv_parties = party=="single" if party~=""
 87.                         replace sv_parties = 2 if party=="multiple"
 88.                         gen sv_party = party=="single" | party=="multiple"
>  if party~=""
 89.         end

.          
.                 * Variable list for EFA *
.                 global allvar1 ="partyrbrstmp militrank ldrrotation milconsul
> t milmerit_mil milmeritpers milnotrial plebiscite heirclan officepers"

.                 global allvar2 ="paramilpers ParamilParty ParamilFReb support
> party partyleader localorgzns partymins excomcivn multiethnic"

.                 global allvar3 ="monoethnic heirparty heirfamily legcompetn l
> eaderrelatvs leaderciv leadermil leaderrebel heirciv cabciv cabmil partymilit
> "

.                 global allvar4 ="ldrPriorD ldrParty ldrMil ldrRebel ldrCiv ld
> rOth ldrForgn ldrHered SeizCoup SeizRebel"

.                 global allvar5 ="SeizUpris SeizElec SeizSucc SeizFam"

.                 global allvar6 ="PartyhNoWin PartyhWin PartyhReb PartyhPriorD
> em PartyhNoparty PartyhElec"

.                 global allvar7 ="MilPartyAlly MilPartyNo MilPartyPrior nomili
> tary milethnic_incl milethnic_hetero milethnic_homo sectyapp_party"

.                 global allvar8 ="sectyapppers ElecldrPrDict ElecldrPrDem Elec
> ldrNot Elecldr1C Elecldr1F ElecldrMLeg ElecldrMExec"

.                 global allvar9 ="legnoms_indirect legnoms_veto legnoms_noveto
>  legnoms_priordem LdrexHighR LdrexLowR LdrexRebel LdrexDemEl LdrexParty"

.                 global allvar10 ="LdrexLoyal LdrexReltv LdrexRulFam LdrexOthe
> r partyexcompers partyexcom_faction partyexcom_oppose createparty"

. 
. 
.                 * get data, merge, summarize variables *
.                 use GWF, clear

.                 sort cow year

.                 merge cow year using GWFtscs
(note: you are using old merge syntax; see [D] merge for new syntax)

.                 tab _merge

     _merge |      Freq.     Percent        Cum.
------------+-----------------------------------
          3 |      4,591      100.00      100.00
------------+-----------------------------------
      Total |      4,591      100.00

.                 drop _merge

.                 rmerge
(note: you are using old merge syntax; see [D] merge for new syntax)

     _merge |      Freq.     Percent        Cum.
------------+-----------------------------------
          3 |      4,591      100.00      100.00
------------+-----------------------------------
      Total |      4,591      100.00
(Party: 31 changes made)
(Monarchy: 0 changes made)
(Party: 66 changes made)
(note: you are using old merge syntax; see [D] merge for new syntax)
variables cowcode year do not uniquely identify observations in weeks.dta

     _merge |      Freq.     Percent        Cum.
------------+-----------------------------------
          1 |        695        8.77        8.77
          2 |      3,337       42.09       50.85
          3 |      3,897       49.15      100.00
------------+-----------------------------------
      Total |      7,929      100.00
(0 real changes made)
(1 real change made, 1 to missing)
(5282 missing values generated)
(3015 missing values generated)
(obs=2503)

             |   ipers1    imil1
-------------+------------------
      ipers1 |   1.0000
       imil1 |   0.0329   1.0000

(695 missing values generated)
(410 real changes made)
(689 real changes made)
(718 real changes made)
(520 real changes made)
(1191 real changes made)

      weeks |      Freq.     Percent        Cum.
------------+-----------------------------------
        -42 |          1        0.01        0.01
          0 |      3,066       42.38       42.40
          1 |        637        8.81       51.20
          2 |        410        5.67       56.87
          3 |        689        9.52       66.39
          4 |        718        9.93       76.32
          5 |        520        7.19       83.51
          6 |      1,191       16.46       99.97
         28 |          1        0.01       99.99
         94 |          1        0.01      100.00
------------+-----------------------------------
      Total |      7,234      100.00
(3069 real changes made, 3069 to missing)

      Weeks |
   typology |      Freq.     Percent        Cum.
------------+-----------------------------------
  Strongman |        637       15.29       15.29
      Junta |        410        9.84       25.14
       Boss |        689       16.54       41.68
    Machine |        718       17.24       58.92
   Monarchy |        520       12.48       71.40
      Other |      1,191       28.60      100.00
------------+-----------------------------------
      Total |      4,165      100.00
(3337 observations deleted)
(note: you are using old merge syntax; see [D] merge for new syntax)
variables cowcode year do not uniquely identify observations in the master
    data
(note: variable cowcode was int, now float to accommodate using data's
       values)

     _merge |      Freq.     Percent        Cum.
------------+-----------------------------------
          1 |        461        8.69        8.69
          2 |        715       13.47       22.16
          3 |      4,131       77.84      100.00
------------+-----------------------------------
      Total |      5,307      100.00
(228 missing values generated)

      +--------------------+
      | gwf_casen~e   year |
      |--------------------|
3430. | Yemen 78-NA   1990 |
      +--------------------+
(1 observation deleted)
       panel variable:  cowcode (unbalanced)
        time variable:  year, 1946 to 2010, but with gaps
                delta:  1 unit
(521 missing values generated)
(521 missing values generated)
(521 missing values generated)
(521 missing values generated)
(1394 missing values generated)
(432 real changes made)
(577 real changes made)
(624 real changes made)
(462 real changes made)
(408 real changes made, 195 to missing)
(521 missing values generated)
(521 missing values generated)
(521 missing values generated)
(521 missing values generated)
(521 missing values generated)
(521 missing values generated)
(521 missing values generated)
(521 missing values generated)
(521 missing values generated)
(521 missing values generated)
(521 missing values generated)
(521 missing values generated)
(521 missing values generated)
(521 missing values generated)
(493 real changes made)
(1721 real changes made)
(597 real changes made)
(795 real changes made)
(156 real changes made)
(5306 real changes made)
(597 real changes made)
(795 real changes made)
(521 missing values generated)
(2194 real changes made)
(521 missing values generated)

.                 drop if gwf_fail==.
(715 observations deleted)

.                 
.                 * create new party *
.                 tsset gwf_caseid year
       panel variable:  gwf_caseid (unbalanced)
        time variable:  year, 1946 to 2010
                delta:  1 unit

.                 gen newparty =support==1 & l.support==0

.                 gen yr = year if newparty==1
(4519 missing values generated)

.                 egen yrs = max(yr), by(gwf_leaderid)
(3624 missing values generated)

.                 tsset gwf_caseid year
       panel variable:  gwf_caseid (unbalanced)
        time variable:  year, 1946 to 2010
                delta:  1 unit

.                 replace newparty=1 if l.newparty==1 & l.gwf_leaderid==gwf_lea
> derid & year==year[_n-1]+1
(659 real changes made)

.                 gen createparty =militparty_new==1 | (newparty==1  & partyhis
> tory_post==1) 

.                 gen milmerit_persB = milmerit_pers

.                 recode milmerit_persB (2=1) (1=0)  /* create binary for IRT *
> /
(milmerit_persB: 3511 changes made)

.                 
.                 gen inheritparty = (partyhistory_priorwonsupport==1 | partyhi
> story_priorno | /*
>                         */ partyhistory_insurgent==1 | partyhistory_priordem=
> =1)  if gwf_case_duration==1 | year==1946
(4311 missing values generated)

.                 egen inh= max(inheritparty),by(gwf_caseid)   /* ensure no wit
> hin case variation */

.                 replace inherit = inh
(4311 real changes made)

.                 drop inh

.                 
.                 replace region = "ssafrica" if region =="sssafrica" | region=
> ="safrica"
(0 real changes made)

.                 
.                 * rename variable for plots *
.                 rename ldr_group_priordem ldrPriorD

.                 rename ldr_group_domparty ldrParty

.                 rename ldr_group_military ldrMil

.                 rename ldr_group_insurgency ldrRebel

.                 rename ldr_group_civsucc ldrCiv

.                 rename ldr_group_other ldrOther

.                 rename ldr_group_foreign ldrForgn

.                 rename ldr_group_hereditary ldrHered

.                 rename militparty_allyparty MilPartyAlly

.                 rename militparty_noparty  MilPartyNo

.                 rename militparty_priorparty MilPartyPrior

.                 rename militparty_newparty MilPartyNew

.                 rename electldr_notelect ElecldrNot

.                 rename electldr_priordict ElecldrPrDict

.                 rename electldr_priordem ElecldrPrDem

.                 rename electldr_1candidate Elecldr1C

.                 rename electldr_1faction  Elecldr1F

.                 rename electldr_multileg  ElecldrMLeg

.                 rename electldr_multiexec  ElecldrMExec

.                 rename ldr_exp_highrank LdrexHighR

.                 rename ldr_exp_lowrank LdrexLowR

.                 rename ldr_exp_rebel LdrexRebel

.                 rename ldr_exp_demelect LdrexDemEl

.                 rename ldr_exp_supportparty LdrexParty

.                 rename ldr_exp_pers_loyal LdrexLoyal

.                 rename ldr_exp_pers_relative LdrexReltv

.                 rename ldr_exp_rulingfamily LdrexRulFam

.                 rename ldr_exp_other LdrexOther

.                 rename paramil_pers paramilpers

.                 rename paramil_party ParamilParty

.                 rename paramil_fightrebel ParamilFReb

.                 rename seizure_coup SeizCoup

.                 rename seizure_rebel SeizRebel

.                 rename seizure_uprising SeizUpris

.                 rename seizure_election SeizElec

.                 rename seizure_succession SeizSucc

.                 rename seizure_family SeizFam

.                 rename partyhistory_noparty PartyhNoparty

.                 rename partyhistory_postseizure PartyhPost

.                 rename partyhistory_priorelection PartyhElec

.                 rename partyhistory_priornosupport PartyhNoWin

.                 rename partyhistory_priorwonsupport PartyhWin

.                 rename partyhistory_insurgent PartyhReb

.                 rename partyhistory_priordem PartyhPriorDem

.                 rename sectyapp_pers sectyapppers

.                 rename partyexcom_pers partyexcompers

.                 rename milmerit_persB milmeritpers

.                 sutex $allvar1 $allvar2 $allvar3 $allvar4 $allvar5 $allvar6 $
> allvar7 $allvar8 $allvar9 $allvar10, minmax long nobs
%------- Begin LaTeX code -------%

\begin{center}
\begin{longtable}{l c c c c c}
\caption{Summary statistics \label{sumstat}}\\
\hline\hline\multicolumn{1}{c}{\textbf{Variable}}
 &\textbf{Mean}
 & \textbf{Std. Dev.}& \textbf{Min.} &  \textbf{Max.} & \textbf{N} \\ \hline
\endfirsthead
\multicolumn{6}{l}{\emph{... table \thetable{} continued}}
\\ \hline\hline\multicolumn{1}{c}{\textbf{Variable}}
 & \textbf{Mean}
 & \textbf{Std. Dev.}& \textbf{Min.} &  \textbf{Max.} & \textbf{N} \\ \hline
\endhead
\hline
\multicolumn{6}{r}{\emph{Continued on next page...}}\\
\endfoot
\endlastfoot
partyrbrstmp & 0.303 & 0.46 & 0 & 1 & 4591\\
militrank & 1.068 & 1.625 & 0 & 4 & 4591\\
ldrrotation & 0.032 & 0.175 & 0 & 1 & 4591\\
milconsult & 0.134 & 0.341 & 0 & 1 & 4591\\
milmerit\_mil & 0.73 & 0.765 & 0 & 2 & 4591\\
milmeritpers & 0.423 & 0.494 & 0 & 1 & 4591\\
milnotrial & 0.365 & 0.482 & 0 & 1 & 4591\\
plebiscite & 0.222 & 0.415 & 0 & 1 & 4591\\
heirclan & 0.373 & 0.484 & 0 & 1 & 4591\\
officepers & 0.644 & 0.479 & 0 & 1 & 4591\\
paramilpers & 0.354 & 0.478 & 0 & 1 & 4591\\
ParamilParty & 0.184 & 0.388 & 0 & 1 & 4591\\
ParamilFReb & 0.088 & 0.283 & 0 & 1 & 4591\\
supportparty & 0.731 & 0.443 & 0 & 1 & 4591\\
partyleader & 0.588 & 0.492 & 0 & 1 & 4591\\
localorgzns & 1.345 & 0.874 & 0 & 2 & 4591\\
partymins & 1.783 & 1.326 & 0 & 3 & 4591\\
excomcivn & 1.543 & 1.206 & 0 & 3 & 4591\\
multiethnic & 0.504 & 0.5 & 0 & 1 & 4591\\
monoethnic & 0.225 & 0.418 & 0 & 1 & 4591\\
heirparty & 0.429 & 0.495 & 0 & 1 & 4591\\
heirfamily & 0.393 & 0.488 & 0 & 1 & 4591\\
legcompetn & 4.166 & 2.971 & 0 & 8 & 4591\\
leaderrelatvs & 0.504 & 0.5 & 0 & 1 & 4591\\
leaderciv & 0.549 & 0.498 & 0 & 1 & 4591\\
leadermil & 0.346 & 0.476 & 0 & 1 & 4591\\
leaderrebel & 0.105 & 0.307 & 0 & 1 & 4591\\
heirciv & 0.92 & 0.983 & 0 & 2 & 4591\\
cabciv & 1.322 & 0.729 & 0 & 2 & 4591\\
cabmil & 0.598 & 0.688 & 0 & 2 & 4591\\
partymilit & 1.083 & 1.566 & 0 & 4 & 4591\\
ldrPriorD & 0.09 & 0.287 & 0 & 1 & 4591\\
ldrParty & 0.237 & 0.425 & 0 & 1 & 4591\\
ldrMil & 0.287 & 0.453 & 0 & 1 & 4591\\
ldrRebel & 0.103 & 0.304 & 0 & 1 & 4591\\
ldrCiv & 0.017 & 0.128 & 0 & 1 & 4591\\
ldrOther & 0.059 & 0.236 & 0 & 1 & 4591\\
ldrForgn & 0.092 & 0.289 & 0 & 1 & 4591\\
ldrHered & 0.114 & 0.318 & 0 & 1 & 4591\\
SeizCoup & 0.303 & 0.46 & 0 & 1 & 4591\\
SeizRebel & 0.221 & 0.415 & 0 & 1 & 4591\\
SeizUpris & 0.037 & 0.19 & 0 & 1 & 4591\\
SeizElec & 0.132 & 0.339 & 0 & 1 & 4591\\
SeizSucc & 0.043 & 0.202 & 0 & 1 & 4591\\
SeizFam & 0.056 & 0.23 & 0 & 1 & 4591\\
PartyhNoWin & 0.077 & 0.266 & 0 & 1 & 4591\\
PartyhWin & 0.019 & 0.138 & 0 & 1 & 4591\\
PartyhReb & 0.16 & 0.367 & 0 & 1 & 4591\\
PartyhPriorDem & 0.239 & 0.426 & 0 & 1 & 4591\\
PartyhNoparty & 0.269 & 0.443 & 0 & 1 & 4591\\
PartyhElec & 0.016 & 0.125 & 0 & 1 & 4591\\
MilPartyAlly & 0.032 & 0.177 & 0 & 1 & 4591\\
MilPartyNo & 0.112 & 0.315 & 0 & 1 & 4591\\
MilPartyPrior & 0.076 & 0.265 & 0 & 1 & 4591\\
nomilitary & 0.041 & 0.198 & 0 & 1 & 4591\\
milethnic\_inclusive & 0.458 & 0.498 & 0 & 1 & 4591\\
milethnic\_hetero & 0.34 & 0.474 & 0 & 1 & 4591\\
milethnic\_homo & 0.162 & 0.368 & 0 & 1 & 4591\\
sectyapp\_party & 0.155 & 0.362 & 0 & 1 & 4591\\
sectyapppers & 0.596 & 0.491 & 0 & 1 & 4591\\
ElecldrPrDict & 0.009 & 0.094 & 0 & 1 & 4591\\
ElecldrPrDem & 0.021 & 0.144 & 0 & 1 & 4591\\
ElecldrNot & 0.362 & 0.481 & 0 & 1 & 4591\\
Elecldr1C & 0.217 & 0.412 & 0 & 1 & 4591\\
Elecldr1F & 0.038 & 0.192 & 0 & 1 & 4591\\
ElecldrMLeg & 0.055 & 0.229 & 0 & 1 & 4591\\
ElecldrMExec & 0.174 & 0.379 & 0 & 1 & 4591\\
legnoms\_indirect & 0.088 & 0.283 & 0 & 1 & 4591\\
legnoms\_veto & 0.374 & 0.484 & 0 & 1 & 4591\\
legnoms\_noveto & 0.114 & 0.318 & 0 & 1 & 4591\\
legnoms\_priordem & 0.019 & 0.136 & 0 & 1 & 4591\\
LdrexHighR & 0.233 & 0.423 & 0 & 1 & 4591\\
LdrexLowR & 0.093 & 0.291 & 0 & 1 & 4591\\
LdrexRebel & 0.11 & 0.313 & 0 & 1 & 4591\\
LdrexDemEl & 0.134 & 0.341 & 0 & 1 & 4591\\
LdrexParty & 0.232 & 0.422 & 0 & 1 & 4591\\
LdrexLoyal & 0.019 & 0.137 & 0 & 1 & 4591\\
LdrexReltv & 0.027 & 0.162 & 0 & 1 & 4591\\
LdrexRulFam & 0.128 & 0.334 & 0 & 1 & 4591\\
LdrexOther & 0.023 & 0.15 & 0 & 1 & 4591\\
partyexcompers & 0.318 & 0.466 & 0 & 1 & 4591\\
partyexcom\_faction & 0.22 & 0.414 & 0 & 1 & 4591\\
partyexcom\_oppose & 0.127 & 0.333 & 0 & 1 & 4591\\
createparty & 0.162 & 0.368 & 0 & 1 & 4591\\
\hline
\end{longtable}
\end{center}
%------- End LaTeX code -------%

.                 
.  ***********************************
.  *** Exploratory Factor Analysis ***
.  ***********************************
.                 qui factor $allvar1 $allvar2 $allvar3 $allvar4 $allvar5 $allv
> ar6 $allvar7 $allvar8 $allvar9 $allvar10,   

.                 screeplot, mean color(blue) ytitle("Eigen values") xtitle("Fa
> ctors") legend(lab(1 "Eigen values") lab(2  "mean") pos(2) ring(0)) title("")

.                 graph export "$dir\golden\EigenAll.pdf", as(pdf)  replace   
(file C:\Users\liptr\Documents\GitHub\expropriation\wright_personalism\golden\E
> igenAll.pdf written in PDF format)

.          
.                 qui factor $allvar1 $allvar2 $allvar3 $allvar4 $allvar5 $allv
> ar6 $allvar7 $allvar8 $allvar9 $allvar10,factors(4)

.                 rotate, promax(3)  factors(4)  /* This output is in Column 3 
> of Table C-1 for some of the personalist items */

Factor analysis/correlation                        Number of obs    =     4591
    Method: principal factors                      Retained factors =        4
    Rotation: oblique promax (Kaiser off)          Number of params =      330

    --------------------------------------------------------------------------
         Factor  |     Variance   Proportion    Rotated factors are correlated
    -------------+------------------------------------------------------------
        Factor1  |      9.47279       0.1398
        Factor2  |      8.79996       0.1298
        Factor3  |      6.28702       0.0928
        Factor4  |      4.87660       0.0719
    --------------------------------------------------------------------------
    LR test: independent vs. saturated: chi2(3486)=       . Prob>chi2 =      .

Rotated factor loadings (pattern matrix) and unique variances

    ---------------------------------------------------------------------
        Variable |  Factor1   Factor2   Factor3   Factor4 |   Uniqueness 
    -------------+----------------------------------------+--------------
    partyrbrstmp |   0.4975    0.1619    0.3666   -0.1047 |      0.6272  
       militrank |   0.0081    0.8844   -0.0287   -0.1433 |      0.2216  
     ldrrotation |  -0.0636    0.3092   -0.1913   -0.1002 |      0.8658  
      milconsult |  -0.1820    0.6065   -0.2562   -0.0840 |      0.5336  
    milmerit_mil |  -0.0809    0.0074   -0.5969   -0.1867 |      0.6268  
    milmeritpers |   0.1337    0.0970    0.5224    0.1978 |      0.6834  
      milnotrial |   0.2552    0.2345    0.4467    0.2353 |      0.6630  
      plebiscite |   0.2752    0.1681    0.1973   -0.2685 |      0.7981  
        heirclan |  -0.2160   -0.2191    0.3723    0.2360 |      0.7340  
      officepers |   0.0705   -0.0703    0.6494   -0.0606 |      0.5734  
     paramilpers |  -0.0486   -0.0476    0.5596    0.0156 |      0.6822  
    ParamilParty |   0.3021   -0.0787   -0.2431   -0.0388 |      0.8158  
     ParamilFReb |  -0.0388    0.1791   -0.1902    0.1371 |      0.9085  
    supportparty |   0.9687   -0.0162    0.0696    0.0867 |      0.0684  
     partyleader |   0.7114   -0.1076    0.0572    0.1280 |      0.4601  
     localorgzns |   0.9175   -0.0480    0.0082    0.0883 |      0.1455  
       partymins |   0.8077   -0.0868   -0.0814    0.1272 |      0.2927  
       excomcivn |   0.7473   -0.1425   -0.1257    0.0850 |      0.3497  
     multiethnic |   0.5919   -0.0656   -0.1915   -0.0634 |      0.5635  
      monoethnic |   0.3184    0.0598    0.2992    0.1624 |      0.8121  
       heirparty |   0.5190   -0.2901   -0.4444    0.0516 |      0.3342  
      heirfamily |  -0.3429   -0.1379    0.6085    0.0886 |      0.4760  
      legcompetn |   0.2925   -0.2250    0.0449   -0.3016 |      0.7308  
    leaderrela~s |  -0.1582   -0.2147    0.5200    0.1069 |      0.6660  
       leaderciv |  -0.1467   -0.8105   -0.1452   -0.3641 |      0.1631  
       leadermil |   0.0344    0.9413    0.0665   -0.1470 |      0.1075  
     leaderrebel |   0.1846   -0.1446    0.1323    0.8183 |      0.3045  
         heirciv |   0.1799   -0.5570   -0.3799   -0.0454 |      0.4300  
          cabciv |   0.0453   -0.5539    0.0517   -0.0163 |      0.6831  
          cabmil |   0.0431    0.6432   -0.0919    0.0212 |      0.5905  
      partymilit |   0.4023   -0.2108   -0.3798    0.3307 |      0.4821  
       ldrPriorD |   0.1488   -0.2553    0.0740   -0.4295 |      0.6877  
        ldrParty |   0.2612   -0.2296   -0.4478   -0.0499 |      0.6168  
          ldrMil |  -0.0446    0.8601    0.0115   -0.1607 |      0.2390  
        ldrRebel |   0.1647   -0.1256    0.1134    0.7602 |      0.4042  
          ldrCiv |   0.0624   -0.0537    0.0113   -0.1141 |      0.9773  
        ldrOther |   0.0321   -0.0051    0.2109   -0.0419 |      0.9530  
        ldrForgn |   0.0835   -0.1125    0.0180    0.0166 |      0.9777  
        ldrHered |  -0.7023   -0.4388    0.2300    0.0182 |      0.3462  
        SeizCoup |  -0.0022    0.7692    0.0850   -0.1747 |      0.3785  
       SeizRebel |   0.0526   -0.2473   -0.1042    0.7066 |      0.4388  
       SeizUpris |  -0.0395    0.0175   -0.0771   -0.0694 |      0.9891  
        SeizElec |   0.1902   -0.2887   -0.0267   -0.4634 |      0.6155  
        SeizSucc |   0.0603    0.0602    0.0827   -0.0595 |      0.9834  
         SeizFam |  -0.4848   -0.3034    0.1664   -0.0183 |      0.6851  
     PartyhNoWin |   0.2049    0.0187    0.0254    0.1054 |      0.9508  
       PartyhWin |   0.0634   -0.0181    0.0396   -0.0526 |      0.9908  
       PartyhReb |   0.2307   -0.1290   -0.2458    0.6152 |      0.4773  
    PartyhPrio~m |   0.3337   -0.2248   -0.0804   -0.3935 |      0.6184  
    PartyhNopa~y |  -0.9687    0.0162   -0.0696   -0.0867 |      0.0684  
      PartyhElec |   0.0407   -0.0339    0.1211   -0.0758 |      0.9761  
    MilPartyAlly |   0.1176    0.2311    0.0395   -0.0614 |      0.9370  
      MilPartyNo |  -0.4470    0.5325   -0.3017   -0.1036 |      0.4035  
    MilPartyPr~r |   0.2334    0.3381    0.0190   -0.0234 |      0.8569  
      nomilitary |  -0.1036   -0.2148    0.0312   -0.1373 |      0.9279  
    milethnic_~e |   0.1472    0.1399   -0.3476   -0.0329 |      0.8420  
    milethnic~ro |  -0.1406   -0.1634    0.1564    0.0257 |      0.9361  
    milethnic~mo |   0.0372    0.1361    0.2523    0.0852 |      0.9087  
    sectyapp_p~y |   0.1897   -0.1486   -0.5176    0.1965 |      0.5926  
    sectyapppers |   0.0302   -0.1203    0.6490    0.0206 |      0.5791  
    ElecldrPrD~t |   0.0106   -0.0525    0.0385   -0.0507 |      0.9926  
    ElecldrPrDem |  -0.0042   -0.1300    0.0200   -0.1957 |      0.9409  
      ElecldrNot |  -0.0432    0.3626   -0.3597    0.2971 |      0.6368  
       Elecldr1C |   0.3434    0.1146    0.1832   -0.1293 |      0.8353  
       Elecldr1F |   0.1117   -0.0493    0.0327    0.0719 |      0.9798  
     ElecldrMLeg |   0.0940   -0.1387   -0.0947   -0.1051 |      0.9416  
    ElecldrMExec |   0.1968   -0.0177    0.0763   -0.1319 |      0.9351  
    legnoms_in~t |  -0.0230    0.0041   -0.0684    0.3330 |      0.8805  
    legnoms_veto |   0.2922   -0.0246    0.1541   -0.1961 |      0.8479  
    legnoms_no~o |  -0.1391   -0.2215   -0.1166   -0.1602 |      0.9015  
    legnoms_pr~m |   0.0065   -0.0810    0.0014   -0.1672 |      0.9631  
      LdrexHighR |  -0.0131    0.7938   -0.0823   -0.1429 |      0.3672  
       LdrexLowR |   0.0646    0.3586    0.2020   -0.0495 |      0.8247  
      LdrexRebel |   0.1657   -0.1592    0.1455    0.8242 |      0.2954  
      LdrexDemEl |   0.1926   -0.3024    0.0323   -0.4335 |      0.6348  
      LdrexParty |   0.2521   -0.2794   -0.4675   -0.0277 |      0.5724  
      LdrexLoyal |   0.0503   -0.0198    0.0139   -0.0713 |      0.9909  
      LdrexReltv |   0.0682   -0.0148    0.1650   -0.0135 |      0.9696  
     LdrexRulFam |  -0.7206   -0.4558    0.2422    0.0119 |      0.3049  
      LdrexOther |  -0.0986   -0.0766    0.0489   -0.1064 |      0.9723  
    partyexcom~s |   0.5268    0.1428    0.4398    0.0190 |      0.5720  
    partyexcom~n |   0.2555   -0.1078   -0.2927    0.1172 |      0.7967  
    partyexcom~e |   0.1603   -0.1298   -0.2915    0.0047 |      0.8507  
     createparty |   0.2694    0.3361    0.4150   -0.0193 |      0.6731  
    ---------------------------------------------------------------------

Factor rotation matrix

    --------------------------------------------------
                 | Factor1  Factor2  Factor3  Factor4 
    -------------+------------------------------------
         Factor1 |  0.8049  -0.6535  -0.3694   0.0157 
         Factor2 |  0.5190   0.7499  -0.0995   0.0750 
         Factor3 |  0.2668  -0.1000   0.9235  -0.0165 
         Factor4 |  0.1079  -0.0262   0.0274  -0.9969 
    --------------------------------------------------

.                 estat common

Correlation matrix of the promax(3) rotated common factors

    ------------------------------------------------------
         Factors |  Factor1   Factor2   Factor3   Factor4 
    -------------+----------------------------------------
         Factor1 |        1                               
         Factor2 |   -.1663         1                     
         Factor3 |  -.09963    .07372         1           
         Factor4 |  -.06048    .07378   -.05578         1 
    ------------------------------------------------------

.                 predict pr1 pr2 pr3 pr4
(regression scoring assumed)

Scoring coefficients (method = regression; based on promax(3) rotated
factors)

    ------------------------------------------------------
        Variable |  Factor1   Factor2   Factor3   Factor4 
    -------------+----------------------------------------
    partyrbrstmp |  0.02956   0.01561   0.03430  -0.01612 
       militrank |  0.01200   0.03853  -0.05472  -0.01843 
     ldrrotation | -0.00265   0.02239  -0.02892  -0.00036 
      milconsult | -0.01353   0.03084  -0.04464   0.00083 
    milmerit_mil | -0.02515   0.00314  -0.12120  -0.07672 
    milmeritpers |  0.00386   0.01029   0.10052   0.00193 
      milnotrial |  0.00532   0.00712   0.02810   0.00816 
      plebiscite |  0.00725  -0.01201   0.02540  -0.00762 
        heirclan |  0.00548  -0.01023   0.02199   0.00527 
      officepers |  0.01831  -0.01165   0.06807  -0.01611 
     paramilpers | -0.00743  -0.00630   0.06071  -0.00577 
    ParamilParty |  0.02135  -0.00317  -0.02932  -0.01601 
     ParamilFReb | -0.00726   0.01014  -0.02676   0.00840 
    supportparty |  0.54362   0.05421   0.18171   0.02153 
     partyleader |  0.00525  -0.01329   0.01159  -0.00671 
     localorgzns |  0.05691  -0.00926  -0.02160   0.01347 
       partymins |  0.02148  -0.03561  -0.01506   0.02841 
       excomcivn |  0.03420   0.00467  -0.01920  -0.01264 
     multiethnic |  0.10535  -0.06713  -0.08815  -0.03847 
      monoethnic |  0.06240  -0.04513   0.00837   0.03206 
       heirparty |  0.04624  -0.04913  -0.09196   0.00774 
      heirfamily | -0.00789   0.00440   0.09331   0.00055 
      legcompetn |  0.02696  -0.02955   0.00780  -0.08381 
    leaderrela~s | -0.00010  -0.01405   0.05434  -0.00165 
       leaderciv |  0.00000   0.00000   0.00000   0.00000 
       leadermil |  0.05599   0.37763   0.07914   0.10479 
     leaderrebel | -0.00982   0.06331   0.02674   0.24444 
         heirciv |  0.03234  -0.01567  -0.06023  -0.00835 
          cabciv |  0.01177  -0.05241  -0.00187  -0.02903 
          cabmil |  0.00032   0.08198  -0.03022  -0.00398 
      partymilit |  0.01843  -0.00684  -0.03789   0.04485 
       ldrPriorD |  0.06223  -0.13717   0.02173  -0.11438 
        ldrParty |  0.06297  -0.15789  -0.07037   0.00031 
          ldrMil |  0.00000   0.00000   0.00000   0.00000 
        ldrRebel |  0.05174  -0.10420   0.03099   0.20350 
          ldrCiv |  0.01207  -0.04958   0.00430  -0.02995 
        ldrOther |  0.01501  -0.06756   0.04243  -0.00273 
        ldrForgn |  0.04400  -0.11218  -0.01158   0.01265 
        ldrHered | -0.07750  -0.15436   0.02485   0.06248 
        SeizCoup | -0.00517   0.02786  -0.01843  -0.02331 
       SeizRebel |  0.00922  -0.00541  -0.05250   0.09996 
       SeizUpris |  0.00532  -0.01088  -0.01091  -0.00024 
        SeizElec |  0.01785  -0.03379   0.00704  -0.04487 
        SeizSucc |  0.00435  -0.01376   0.00391  -0.00269 
         SeizFam | -0.00854  -0.01218  -0.00391  -0.00854 
     PartyhNoWin | -0.02406  -0.00606  -0.00429   0.00689 
       PartyhWin | -0.03229   0.00137   0.00090  -0.02123 
       PartyhReb | -0.04984  -0.02787  -0.08198   0.09371 
    PartyhPrio~m | -0.03141  -0.03313  -0.03861  -0.12185 
    PartyhNopa~y |  0.00000   0.00000   0.00000   0.00000 
      PartyhElec | -0.03241  -0.00233   0.01122  -0.00592 
    MilPartyAlly | -0.00912  -0.03296   0.00682   0.00764 
      MilPartyNo | -0.02961  -0.02328  -0.03432  -0.01492 
    MilPartyPr~r | -0.01905  -0.02788  -0.00131   0.01136 
      nomilitary | -0.02914  -0.04283   0.02904  -0.04427 
    milethnic_~e |  0.00000   0.00000   0.00000   0.00000 
    milethnic~ro | -0.04107  -0.04660   0.10174   0.03017 
    milethnic~mo | -0.01714   0.00029   0.09859   0.03093 
    sectyapp_p~y | -0.00305  -0.01386  -0.05824   0.04688 
    sectyapppers |  0.00217  -0.01724   0.12102  -0.00074 
    ElecldrPrD~t | -0.01588   0.02700   0.00961   0.01276 
    ElecldrPrDem | -0.00804   0.03249   0.01132  -0.02727 
      ElecldrNot | -0.05656   0.22678  -0.08172   0.17483 
       Elecldr1C |  0.02190   0.17385   0.04729   0.00792 
       Elecldr1F |  0.00065   0.06494   0.01025   0.04608 
     ElecldrMLeg | -0.01808   0.05687  -0.01806   0.01267 
    ElecldrMExec | -0.00798   0.13017   0.02832   0.01117 
    legnoms_in~t | -0.01278  -0.00003  -0.00738   0.01657 
    legnoms_veto |  0.03108   0.00639   0.04111  -0.03948 
    legnoms_no~o | -0.02615  -0.02149  -0.01559  -0.00891 
    legnoms_pr~m | -0.00876  -0.00758   0.00289  -0.00494 
      LdrexHighR |  0.00000   0.00000   0.00000   0.00000 
       LdrexLowR |  0.02258  -0.06089   0.03354  -0.00091 
      LdrexRebel | -0.00583  -0.13948   0.03637   0.24033 
      LdrexDemEl |  0.02671  -0.17858   0.01251  -0.04639 
      LdrexParty |  0.03039  -0.21489  -0.08728   0.08847 
      LdrexLoyal | -0.00713  -0.05501   0.00735   0.00078 
      LdrexReltv | -0.00602  -0.07060   0.04621   0.03527 
     LdrexRulFam | -0.12368  -0.12097   0.11444   0.11300 
      LdrexOther | -0.01064  -0.07134   0.00972   0.00421 
    partyexcom~s |  0.04998   0.01055   0.13758  -0.01259 
    partyexcom~n | -0.01156   0.00017  -0.02764   0.02081 
    partyexcom~e | -0.01989  -0.01491  -0.03213  -0.00040 
     createparty | -0.07490  -0.04340   0.05416  -0.00862 
    ------------------------------------------------------


.                 screeplot, mean color(blue) ytitle("Eigen values") xtitle("Fa
> ctors") legend(lab(1 "Eigen values") ///
>                         lab(2  "mean") pos(2) ring(0)) title("") neigen(12) y
> la(,glcol(gs15)) xlab(1(1)12) xscale(range(0.8 12.2))

.                 loadingplot, maxlength(14) note("") mlabel() xtitle(Party) yt
> itle(Military,height(1)) ///
>                         title("       Components of first two dimensions") yl
> ab(,glcol(gs16))

.                 graph export "$dir\golden\Load12.pdf", as(pdf)  replace   
(file C:\Users\liptr\Documents\GitHub\expropriation\wright_personalism\golden\L
> oad12.pdf written in PDF format)

.                 loadingplot, factors(3) maxlength(14) combined note("") msymb
> ol(oh) mcolor(red) mlabgap(.25) ///
>                         mlabcolor(blue) mlabsize(2.5) mlabpos(12) title("") y
> size(8) xsize(10) ylab(,glcol(gs16))

.                 graph export "$dir\golden\Load123.pdf", as(pdf)  replace   
(file C:\Users\liptr\Documents\GitHub\expropriation\wright_personalism\golden\L
> oad123.pdf written in PDF format)

.                 eofplot, factors(1/3) ysc(range(-0.25 0.35)) color(red blue c
> yan ) xlab(1/87,angle(90)) ylab(,glcol(gs15)) ///
>                         legend(lab(1 "Dimension 1 (Party)") lab(2 "Dimension 
> 2 (Military)") lab(3 "Dimension 3 (Personal)")pos(12) ring(1) col(3)) ///
>                         xsize(9) ysize(3) ytitle(Loadings, height(1)) note(""
> ) yline(-.1, lpattern(dash)) yline(.1, lpattern(dash))

.                 graph export "$dir\golden\LoadVars.pdf", as(pdf)  replace   
(file C:\Users\liptr\Documents\GitHub\expropriation\wright_personalism\golden\L
> oadVars.pdf written in PDF format)

.                  
.                 /*qui factor $allvar1 $allvar2 $allvar3 $allvar4 $allvar5 $al
> lvar6 $allvar7 $allvar8 $allvar9 $allvar10,factors(6)
>                                 rotate, promax(6)  factors(6)
>                                 estat common
>                 eofplot, factors(1/3) ysc(range(-0.25 0.35)) color(red blue c
> yan) xlab(1/84,valuelabels angle(90)) ylab(,glcol(gs15)) ///
>                                 legend(lab(1 "Dimension 1 (Party)") lab(2 "Di
> mension 2 (Military)") lab(3 "Dimension 3 (Personal)")pos(12) ring(1) col(3))
>  ///
>                                 xsize(9) ysize(3) ytitle(Loadings, height(1))
>  note("") yline(-.3, lpattern(dash)) yline(.3, lpattern(dash))
>                 */                      
.                 matrix m = e(r_L) 

.                 global rows = rowsof(m)

.                 gen n=_n

.                 gen load1 = .
(4591 missing values generated)

.                 gen load2 = .
(4591 missing values generated)

.                 gen load3 = .
(4591 missing values generated)

.                 gen load4 = .
(4591 missing values generated)

.                 gen varname = ""
(4591 missing values generated)

.                 forval num=1/4 {
  2.                         forval i=1/$rows {
  3.                                 local rownms: rown m
  4.                                 qui replace load`num'=m[`i',`num'] if n==`
> i'
  5.                                 local rowname: word `i' of `rownms' 
  6.                                 qui replace varname = "`rowname'" if _n==`
> i'
  7.                         }
  8.                         sort load`num'
  9.                         gen n_`num'=_n
 10.                         gen varname`num'=varname if _n<=$rows
 11.                         labmask n_`num', values(varname1)
 12.                 }
(4507 missing values generated)
(4507 missing values generated)
(4507 missing values generated)
(4507 missing values generated)

.                 global cut =.355

.                 twoway scatter load1 n_1 if n_1<=$rows, xtit("")  xlab(1/$row
> s,valuelabels angle(90)) xsize(9) ysize(3) ytit(Factor 1 loadings, height(1))
>  note("") ///
>                                 yline(-$cut, lpat(dash)lw(vthin)) yline($cut,
>  lpat(dash) lw(vthin)) ylab(-1(.5)1) saving(h1.gph,replace) tit({bf:Party},ri
> ng(0)size(vlarge))
(note: file h1.gph not found)
(file h1.gph saved)

.                 twoway scatter load2 n_2 if n_2<=$rows, xtit("")  xlab(1/$row
> s,valuelabels angle(90)) xsize(9) ysize(3) ytit(Factor 2 loadings, height(1))
>  note("") ///
>                                 yline(-$cut, lpat(dash)lw(vthin)) yline($cut,
>  lpat(dash)lw(vthin)) ylab(-1(.5)1) saving(h2.gph,replace) tit({bf:Military},
> ring(0)size(vlarge))
(note: file h2.gph not found)
(file h2.gph saved)

.                 twoway scatter load3 n_3 if n_3<=$rows, xtit("")  xlab(1/$row
> s,valuelabels angle(90)) xsize(9) ysize(3) ytit(Factor 3 loadings, height(1))
>  note("") ///
>                                 yline(-$cut, lpat(dash)lw(vthin)) yline($cut,
>  lpat(dash)lw(vthin)) ylab(-1(.5)1) saving(h3.gph,replace) tit({bf:Personal},
> ring(0)size(vlarge))
(note: file h3.gph not found)
(file h3.gph saved)

.                 twoway scatter load4 n_4 if n_4<=$rows, xtit("")  xlab(1/$row
> s,valuelabels angle(90)) xsize(9) ysize(3) ytit(Factor 4 loadings, height(1))
>  note("") ///
>                                 yline(-$cut, lpat(dash)lw(vthin)) yline($cut,
>  lpat(dash)lw(vthin)) ylab(-1(.5)1) saving(h4.gph,replace) tit(Rebel)
(note: file h4.gph not found)
(file h4.gph saved)

.                 gr combine h1.gph h2.gph h3.gph, col(1) ysize(9) xsize(10) is
> cale(.45)

.                 graph export "$dir\golden\Figure1-LoadVars.pdf", as(pdf)  rep
> lace   
(file C:\Users\liptr\Documents\GitHub\expropriation\wright_personalism\golden\F
> igure1-LoadVars.pdf written in PDF format)

. 
.  * IRT Personal *
.                 global pers11="sectyapppers officepers paramilpers milmeritpe
> rs milnotrial partyexcompers createparty partyrbr leaderrel heirfam heirclan"

.                 global pers10="sectyapppers officepers paramilpers milmeritpe
> rs milnotrial partyexcompers createparty partyrbr leaderrel heirfam"

.                 global pers8="sectyapppers officepers paramilpers milmeritper
> s milnotrial partyexcompers createparty partyrbr"

. 
.                         * 11 variables with (oblique) rotated loading >.3 *
.                 factor $pers11,ipf factors(2)
(obs=4591)

Factor analysis/correlation                        Number of obs    =     4591
    Method: iterated principal factors             Retained factors =        2
    Rotation: (unrotated)                          Number of params =       21

    --------------------------------------------------------------------------
         Factor  |   Eigenvalue   Difference        Proportion   Cumulative
    -------------+------------------------------------------------------------
        Factor1  |      2.88866      1.54499            0.6825       0.6825
        Factor2  |      1.34368      0.94055            0.3175       1.0000
        Factor3  |      0.40313      0.16791            0.0953       1.0953
        Factor4  |      0.23522      0.16763            0.0556       1.1508
        Factor5  |      0.06759      0.04351            0.0160       1.1668
        Factor6  |      0.02408      0.08149            0.0057       1.1725
        Factor7  |     -0.05741      0.02468           -0.0136       1.1589
        Factor8  |     -0.08209      0.03283           -0.0194       1.1395
        Factor9  |     -0.11493      0.05709           -0.0272       1.1124
       Factor10  |     -0.17202      0.13157           -0.0406       1.0717
       Factor11  |     -0.30359            .           -0.0717       1.0000
    --------------------------------------------------------------------------
    LR test: independent vs. saturated:  chi2(55) = 1.4e+04 Prob>chi2 = 0.0000

Factor loadings (pattern matrix) and unique variances

    -------------------------------------------------
        Variable |  Factor1   Factor2 |   Uniqueness 
    -------------+--------------------+--------------
    sectyapppers |   0.6544    0.1425 |      0.5514  
      officepers |   0.6684   -0.0281 |      0.5525  
     paramilpers |   0.5400    0.2181 |      0.6608  
    milmeritpers |   0.5078   -0.0148 |      0.7419  
      milnotrial |   0.4904   -0.1580 |      0.7345  
    partyexcom~s |   0.5001   -0.5948 |      0.3961  
     createparty |   0.3578   -0.1235 |      0.8568  
    partyrbrstmp |   0.4792   -0.6298 |      0.3737  
    leaderrela~s |   0.5175    0.4197 |      0.5561  
      heirfamily |   0.5180    0.4147 |      0.5597  
        heirclan |   0.2825    0.3688 |      0.7842  
    -------------------------------------------------

.                 factor $pers11,ml factors(2) 
(obs=4591)
Iteration 0:   log likelihood = -1164.2269
Iteration 1:   log likelihood =  -950.3541
Iteration 2:   log likelihood = -942.44934
Iteration 3:   log likelihood = -942.29986
Iteration 4:   log likelihood = -942.29676
Iteration 5:   log likelihood = -942.29666
Iteration 6:   log likelihood = -942.29666

Factor analysis/correlation                        Number of obs    =     4591
    Method: maximum likelihood                     Retained factors =        2
    Rotation: (unrotated)                          Number of params =       21
                                                   Schwarz's BIC    =  2061.66
    Log likelihood = -942.2967                     (Akaike's) AIC   =  1926.59

    --------------------------------------------------------------------------
         Factor  |   Eigenvalue   Difference        Proportion   Cumulative
    -------------+------------------------------------------------------------
        Factor1  |      2.69315      1.14530            0.6350       0.6350
        Factor2  |      1.54786            .            0.3650       1.0000
    --------------------------------------------------------------------------
    LR test: independent vs. saturated:  chi2(55) = 1.4e+04 Prob>chi2 = 0.0000
    LR test:   2 factors vs. saturated:  chi2(34) = 1882.20 Prob>chi2 = 0.0000

Factor loadings (pattern matrix) and unique variances

    -------------------------------------------------
        Variable |  Factor1   Factor2 |   Uniqueness 
    -------------+--------------------+--------------
    sectyapppers |   0.5598    0.3713 |      0.5487  
      officepers |   0.6420    0.2145 |      0.5418  
     paramilpers |   0.4167    0.4201 |      0.6499  
    milmeritpers |   0.4424    0.1914 |      0.7677  
      milnotrial |   0.4663    0.0605 |      0.7789  
    partyexcom~s |   0.7107   -0.4133 |      0.3241  
     createparty |   0.3551    0.0378 |      0.8724  
    partyrbrstmp |   0.6939   -0.4341 |      0.3300  
    leaderrela~s |   0.3571    0.5375 |      0.5836  
      heirfamily |   0.3406    0.5674 |      0.5621  
        heirclan |   0.1568    0.4191 |      0.7998  
    -------------------------------------------------

.                 factor $pers11,pf factors(2)
(obs=4591)

Factor analysis/correlation                        Number of obs    =     4591
    Method: principal factors                      Retained factors =        2
    Rotation: (unrotated)                          Number of params =       21

    --------------------------------------------------------------------------
         Factor  |   Eigenvalue   Difference        Proportion   Cumulative
    -------------+------------------------------------------------------------
        Factor1  |      2.85089      1.58152            0.7317       0.7317
        Factor2  |      1.26937      0.85384            0.3258       1.0576
        Factor3  |      0.41553      0.18104            0.1067       1.1642
        Factor4  |      0.23449      0.21398            0.0602       1.2244
        Factor5  |      0.02051      0.04325            0.0053       1.2297
        Factor6  |     -0.02274      0.07031           -0.0058       1.2238
        Factor7  |     -0.09304      0.03250           -0.0239       1.1999
        Factor8  |     -0.12554      0.04748           -0.0322       1.1677
        Factor9  |     -0.17303      0.02640           -0.0444       1.1233
       Factor10  |     -0.19942      0.08155           -0.0512       1.0721
       Factor11  |     -0.28098            .           -0.0721       1.0000
    --------------------------------------------------------------------------
    LR test: independent vs. saturated:  chi2(55) = 1.4e+04 Prob>chi2 = 0.0000

Factor loadings (pattern matrix) and unique variances

    -------------------------------------------------
        Variable |  Factor1   Factor2 |   Uniqueness 
    -------------+--------------------+--------------
    sectyapppers |   0.6438    0.1390 |      0.5661  
      officepers |   0.6598   -0.0275 |      0.5639  
     paramilpers |   0.5376    0.2143 |      0.6651  
    milmeritpers |   0.5250   -0.0226 |      0.7238  
      milnotrial |   0.5112   -0.1803 |      0.7062  
    partyexcom~s |   0.4879   -0.5717 |      0.4351  
     createparty |   0.3635   -0.1340 |      0.8499  
    partyrbrstmp |   0.4611   -0.5922 |      0.4367  
    leaderrela~s |   0.5053    0.4097 |      0.5768  
      heirfamily |   0.5055    0.3984 |      0.5858  
        heirclan |   0.2852    0.3851 |      0.7704  
    -------------------------------------------------

.                 loadingplot, factors(2) combined note("") msymbol(oh) mcolor(
> red) mlabgap(.25) mlabcolor(blue) mlabsize(2.5) ///
>                                 mlabpos(12) title("") yscale(range(-.4 .6)) x
> lab(0(.2).8) ylab(-.4(.2).6,glcol(gs15)) xtitl("Factor 1",size(medium))  ///
>                                 ytitl("Factor 2",size(medium) height(2))     
>    

.                 graph export "$dir\golden\PersPCALoad.pdf", as(pdf)  replace 
>                    
(file C:\Users\liptr\Documents\GitHub\expropriation\wright_personalism\golden\P
> ersPCALoad.pdf written in PDF format)

.                 sutex $pers11
%------- Begin LaTeX code -------%

\begin{table}[htbp]\centering \caption{Summary statistics \label{sumstat}}
\begin{tabular}{l c c  }\hline\hline
\multicolumn{1}{c}{\textbf{Variable}} & \textbf{Mean}
 & \textbf{Std. Dev.} \\ \hline
sectyapppers & 0.596 & 0.491  \\
officepers & 0.644 & 0.479  \\
paramilpers & 0.354 & 0.478  \\
milmeritpers & 0.423 & 0.494  \\
milnotrial & 0.365 & 0.482  \\
partyexcompers & 0.318 & 0.466  \\
createparty & 0.162 & 0.368  \\
partyrbrstmp & 0.303 & 0.46  \\
leaderrelatvs & 0.504 & 0.5  \\
heirfamily & 0.393 & 0.488  \\
heirclan & 0.373 & 0.484  \\
\multicolumn{1}{c}{N} & \multicolumn{2}{c}{4591}\\ \hline
\end{tabular}
\end{table}
%------- End LaTeX code -------%

.                 alpha $pers11,gen(alphapers11) std item

Test scale = mean(standardized items)

                                                            average
                             item-test     item-rest       interitem
Item         |  Obs  Sign   correlation   correlation     correlation     alpha
-------------+-----------------------------------------------------------------
sectyapppers | 4591    +       0.6795        0.5749          0.2212      0.7396
officepers   | 4591    +       0.6912        0.5894          0.2196      0.7378
paramilpers  | 4591    +       0.5915        0.4685          0.2331      0.7525
milmeritpers | 4591    +       0.5853        0.4611          0.2340      0.7534
milnotrial   | 4591    +       0.5678        0.4405          0.2364      0.7558
partyexcom~s | 4591    +       0.5189        0.3835          0.2430      0.7625
createparty  | 4591    +       0.4604        0.3168          0.2509      0.7701
partyrbrstmp | 4591    +       0.4916        0.3521          0.2467      0.7661
leaderrela~s | 4591    +       0.5659        0.4382          0.2366      0.7561
heirfamily   | 4591    +       0.5643        0.4363          0.2368      0.7563
heirclan     | 4591    +       0.3827        0.2304          0.2614      0.7797
-------------+-----------------------------------------------------------------
Test scale   |                                               0.2382      0.7747
-------------------------------------------------------------------------------

.                 irt 2pl $pers11
unrecognized command:  irt
r(199);

end of do-file

r(199);

. ssc install irt
ssc install: "irt" not found at SSC, type -findit irt-
(To find all packages at SSC that start with i, type -ssc describe i-)
r(601);

. exit, clear
